gmake[2]: *** [CMakeFiles/holohover_msgs__rosidl_typesupport_introspection_cpp.dir/build.make:180: CMakeFiles/holohover_msgs__rosidl_typesupport_introspection_cpp.dir/rosidl_typesupport_introspection_cpp/holohover_msgs/msg/detail/attitude__type_support.cpp.o] Interrupt
gmake[2]: *** [CMakeFiles/holohover_msgs__rosidl_typesupport_introspection_cpp.dir/build.make:194: CMakeFiles/holohover_msgs__rosidl_typesupport_introspection_cpp.dir/rosidl_typesupport_introspection_cpp/holohover_msgs/msg/detail/holohover_imu_stamped__type_support.cpp.o] Interrupt
gmake[2]: *** [CMakeFiles/holohover_msgs__rosidl_typesupport_introspection_cpp.dir/build.make:208: CMakeFiles/holohover_msgs__rosidl_typesupport_introspection_cpp.dir/rosidl_typesupport_introspection_cpp/holohover_msgs/msg/detail/holohover_mouse_stamped__type_support.cpp.o] Interrupt
gmake[2]: *** [CMakeFiles/holohover_msgs__rosidl_typesupport_introspection_c.dir/build.make:147: rosidl_typesupport_introspection_c/holohover_msgs/msg/detail/attitude__rosidl_typesupport_introspection_c.h] Interrupt
gmake[1]: *** [CMakeFiles/Makefile2:264: CMakeFiles/holohover_msgs__rosidl_typesupport_introspection_c.dir/all] Interrupt
Failed checking if argv[0] is an import path entry
Traceback (most recent call last):
  File "<frozen zipimport>", line 93, in __init__
KeyError: '/opt/ros/humble/lib/rosidl_typesupport_fastrtps_c/rosidl_typesupport_fastrtps_c'

During handling of the above exception, another exception occurred:

Traceback (most recent call last):
  File "<frozen zipimport>", line 95, in __init__
  File "<frozen zipimport>", line 412, in _read_directory
KeyboardInterrupt
gmake[2]: *** [CMakeFiles/holohover_msgs__rosidl_typesupport_fastrtps_cpp.dir/build.make:180: CMakeFiles/holohover_msgs__rosidl_typesupport_fastrtps_cpp.dir/rosidl_typesupport_fastrtps_cpp/holohover_msgs/msg/detail/dds_fastrtps/attitude__type_support.cpp.o] Interrupt
gmake[1]: *** [CMakeFiles/Makefile2:343: CMakeFiles/holohover_msgs__rosidl_typesupport_fastrtps_cpp.dir/all] Interrupt
gmake[2]: *** [CMakeFiles/holohover_msgs__rosidl_typesupport_cpp.dir/build.make:219: CMakeFiles/holohover_msgs__rosidl_typesupport_cpp.dir/rosidl_typesupport_cpp/holohover_msgs/msg/holohover_state_stamped__type_support.cpp.o] Interrupt
gmake[2]: *** [CMakeFiles/holohover_msgs__rosidl_typesupport_introspection_cpp.dir/build.make:222: CMakeFiles/holohover_msgs__rosidl_typesupport_introspection_cpp.dir/rosidl_typesupport_introspection_cpp/holohover_msgs/msg/detail/holohover_control_stamped__type_support.cpp.o] Interrupt
gmake[1]: *** [CMakeFiles/Makefile2:395: CMakeFiles/holohover_msgs__rosidl_typesupport_cpp.dir/all] Interrupt
gmake[1]: *** [CMakeFiles/Makefile2:369: CMakeFiles/holohover_msgs__rosidl_typesupport_introspection_cpp.dir/all] Interrupt
Traceback (most recent call last):
  File "/opt/ros/humble/lib/rosidl_typesupport_fastrtps_c/rosidl_typesupport_fastrtps_c", line 33, in <module>
    sys.exit(main())
  File "/opt/ros/humble/lib/rosidl_typesupport_fastrtps_c/rosidl_typesupport_fastrtps_c", line 29, in main
    generate_typesupport_fastrtps_c(args.generator_arguments_file)
  File "/opt/ros/humble/local/lib/python3.10/dist-packages/rosidl_typesupport_fastrtps_c/__init__.py", line 24, in generate_typesupport_fastrtps_c
    return generate_files(generator_arguments_file, mapping)
  File "/opt/ros/humble/local/lib/python3.10/dist-packages/rosidl_cmake/__init__.py", line 74, in generate_files
gmake: *** [Makefile:146: all] Interrupt
    idl_file = parse_idl_file(locator)
  File "/opt/ros/humble/local/lib/python3.10/dist-packages/rosidl_parser/parser.py", line 64, in parse_idl_file
    content = parse_idl_string(string, png_file=png_file)
  File "/opt/ros/humble/local/lib/python3.10/dist-packages/rosidl_parser/parser.py", line 72, in parse_idl_string
    tree = get_ast_from_idl_string(idl_string)
  File "/opt/ros/humble/local/lib/python3.10/dist-packages/rosidl_parser/parser.py", line 89, in get_ast_from_idl_string
    return _parser.parse(idl_string)
  File "/usr/lib/python3/dist-packages/lark/lark.py", line 619, in parse
    return self.parser.parse(text, start=start, on_error=on_error)
  File "/usr/lib/python3/dist-packages/lark/parser_frontends.py", line 99, in parse
    return self.parser.parse(stream, chosen_start, **kw)
  File "/usr/lib/python3/dist-packages/lark/parsers/earley.py", line 292, in parse
    return transformer.transform(solutions[0])
  File "/usr/lib/python3/dist-packages/lark/parsers/earley_forest.py", line 395, in transform
    self.visit(root)
  File "/usr/lib/python3/dist-packages/lark/parsers/earley_forest.py", line 532, in visit
    super(ForestToParseTree, self).visit(root)
  File "/usr/lib/python3/dist-packages/lark/parsers/earley_forest.py", line 329, in visit
    vtn(current.token)
  File "/usr/lib/python3/dist-packages/lark/parsers/earley_forest.py", line 427, in visit_token_node
    transformed = self.transform_token_node(node)
  File "/usr/lib/python3/dist-packages/lark/parsers/earley_forest.py", line 412, in transform_token_node
    def transform_token_node(self, node):
KeyboardInterrupt
gmake[2]: *** [CMakeFiles/holohover_msgs__rosidl_typesupport_fastrtps_c.dir/build.make:147: rosidl_typesupport_fastrtps_c/holohover_msgs/msg/detail/attitude__rosidl_typesupport_fastrtps_c.h] Interrupt
