[0.135s] Invoking command in '/home/acl3-ubuntu/holohover_ws/src/holohover/build/holohover_msgs': CMAKE_PREFIX_PATH=${CMAKE_PREFIX_PATH}:/opt/ros/humble /usr/bin/cmake /home/acl3-ubuntu/holohover_ws/src/holohover/holohover_msgs -DCMAKE_INSTALL_PREFIX=/home/acl3-ubuntu/holohover_ws/src/holohover/install/holohover_msgs
[0.991s] -- The C compiler identification is GNU 11.3.0
[1.431s] -- The CXX compiler identification is GNU 11.3.0
[1.545s] -- Detecting C compiler ABI info
[1.691s] -- Detecting C compiler ABI info - done
[1.700s] -- Check for working C compiler: /usr/bin/cc - skipped
[1.700s] -- Detecting C compile features
[1.721s] -- Detecting C compile features - done
[1.726s] -- Detecting CXX compiler ABI info
[1.862s] -- Detecting CXX compiler ABI info - done
[1.871s] -- Check for working CXX compiler: /usr/bin/c++ - skipped
[1.871s] -- Detecting CXX compile features
[1.872s] -- Detecting CXX compile features - done
[1.970s] -- Found ament_cmake: 1.3.3 (/opt/ros/humble/share/ament_cmake/cmake)
[2.282s] -- Found Python3: /usr/bin/python3.10 (found version "3.10.6") found components: Interpreter 
[2.632s] -- Found ament_lint_auto: 0.12.5 (/opt/ros/humble/share/ament_lint_auto/cmake)
[3.120s] -- Found rosidl_default_generators: 1.2.0 (/opt/ros/humble/share/rosidl_default_generators/cmake)
[3.126s] -- Using all available rosidl_typesupport_c: rosidl_typesupport_fastrtps_c;rosidl_typesupport_introspection_c
[3.138s] -- Found rosidl_adapter: 3.1.4 (/opt/ros/humble/share/rosidl_adapter/cmake)
[4.143s] -- Using all available rosidl_typesupport_cpp: rosidl_typesupport_fastrtps_cpp;rosidl_typesupport_introspection_cpp
[4.681s] -- Found std_msgs: 4.2.3 (/opt/ros/humble/share/std_msgs/cmake)
[4.918s] -- Found geometry_msgs: 4.2.3 (/opt/ros/humble/share/geometry_msgs/cmake)
[5.283s] -- Found ament_cmake_ros: 0.10.0 (/opt/ros/humble/share/ament_cmake_ros/cmake)
[5.685s] -- Using all available rosidl_typesupport_c: rosidl_typesupport_fastrtps_c;rosidl_typesupport_introspection_c
[5.998s] -- Using all available rosidl_typesupport_cpp: rosidl_typesupport_fastrtps_cpp;rosidl_typesupport_introspection_cpp
[6.023s] -- Found PythonInterp: /usr/bin/python3 (found suitable version "3.10.6", minimum required is "3.6") 
[6.026s] -- Found python_cmake_module: 0.10.0 (/opt/ros/humble/share/python_cmake_module/cmake)
[6.128s] -- Found PythonLibs: /usr/lib/x86_64-linux-gnu/libpython3.10.so (found suitable version "3.10.6", minimum required is "3.5") 
[6.128s] -- Using PYTHON_EXECUTABLE: /usr/bin/python3
[6.128s] -- Using PYTHON_INCLUDE_DIRS: /usr/include/python3.10
[6.128s] -- Using PYTHON_LIBRARIES: /usr/lib/x86_64-linux-gnu/libpython3.10.so
[6.150s] -- Found PythonExtra: .so  
[6.263s] -- Added test 'copyright' to check source files copyright and LICENSE
[6.265s] -- Added test 'lint_cmake' to check CMake code style
[6.267s] -- Added test 'xmllint' to check XML markup files
[6.323s] -- Configuring done
[6.381s] -- Generating done
[6.383s] -- Build files have been written to: /home/acl3-ubuntu/holohover_ws/src/holohover/build/holohover_msgs
[6.391s] Invoked command in '/home/acl3-ubuntu/holohover_ws/src/holohover/build/holohover_msgs' returned '0': CMAKE_PREFIX_PATH=${CMAKE_PREFIX_PATH}:/opt/ros/humble /usr/bin/cmake /home/acl3-ubuntu/holohover_ws/src/holohover/holohover_msgs -DCMAKE_INSTALL_PREFIX=/home/acl3-ubuntu/holohover_ws/src/holohover/install/holohover_msgs
[6.393s] Invoking command in '/home/acl3-ubuntu/holohover_ws/src/holohover/build/holohover_msgs': CMAKE_PREFIX_PATH=${CMAKE_PREFIX_PATH}:/opt/ros/humble /usr/bin/cmake --build /home/acl3-ubuntu/holohover_ws/src/holohover/build/holohover_msgs -- -j8 -l8
[6.447s] [  1%] [34m[1mGenerating C code for ROS interfaces[0m
[6.453s] [  3%] [34m[1mGenerating C++ code for ROS interfaces[0m
[6.470s] [  3%] Built target ament_cmake_python_copy_holohover_msgs
[6.851s] running egg_info
[6.852s] creating holohover_msgs.egg-info
[6.852s] writing holohover_msgs.egg-info/PKG-INFO
[6.853s] writing dependency_links to holohover_msgs.egg-info/dependency_links.txt
[6.853s] writing top-level names to holohover_msgs.egg-info/top_level.txt
[6.853s] writing manifest file 'holohover_msgs.egg-info/SOURCES.txt'
[6.856s] reading manifest file 'holohover_msgs.egg-info/SOURCES.txt'
[6.857s] writing manifest file 'holohover_msgs.egg-info/SOURCES.txt'
[6.892s] [  3%] Built target ament_cmake_python_build_holohover_msgs_egg
[7.067s] [  3%] Built target holohover_msgs__cpp
[7.084s] [  4%] [34m[1mGenerating C++ type support dispatch for ROS interfaces[0m
[7.088s] [  6%] [34m[1mGenerating C++ introspection for ROS interfaces[0m
[7.092s] [  7%] [34m[1mGenerating C++ type support for eProsima Fast-RTPS[0m
[7.350s] [  9%] [32mBuilding C object CMakeFiles/holohover_msgs__rosidl_generator_c.dir/rosidl_generator_c/holohover_msgs/msg/detail/holohover_mouse_stamped__functions.c.o[0m
[7.350s] [ 11%] [32mBuilding C object CMakeFiles/holohover_msgs__rosidl_generator_c.dir/rosidl_generator_c/holohover_msgs/msg/detail/attitude__functions.c.o[0m
[7.362s] [ 12%] [32mBuilding C object CMakeFiles/holohover_msgs__rosidl_generator_c.dir/rosidl_generator_c/holohover_msgs/msg/detail/holohover_state_stamped__functions.c.o[0m
[7.376s] [ 14%] [32mBuilding C object CMakeFiles/holohover_msgs__rosidl_generator_c.dir/rosidl_generator_c/holohover_msgs/msg/detail/holohover_imu_stamped__functions.c.o[0m
[7.377s] [ 15%] [32mBuilding C object CMakeFiles/holohover_msgs__rosidl_generator_c.dir/rosidl_generator_c/holohover_msgs/msg/detail/holohover_control_stamped__functions.c.o[0m
[7.755s] [ 17%] [32m[1mLinking C shared library libholohover_msgs__rosidl_generator_c.so[0m
[7.772s] [ 19%] [32mBuilding CXX object CMakeFiles/holohover_msgs__rosidl_typesupport_cpp.dir/rosidl_typesupport_cpp/holohover_msgs/msg/attitude__type_support.cpp.o[0m
[7.773s] [ 20%] [32mBuilding CXX object CMakeFiles/holohover_msgs__rosidl_typesupport_cpp.dir/rosidl_typesupport_cpp/holohover_msgs/msg/holohover_mouse_stamped__type_support.cpp.o[0m
[7.777s] [ 22%] [32mBuilding CXX object CMakeFiles/holohover_msgs__rosidl_typesupport_cpp.dir/rosidl_typesupport_cpp/holohover_msgs/msg/holohover_imu_stamped__type_support.cpp.o[0m
[7.826s] [ 23%] [32mBuilding CXX object CMakeFiles/holohover_msgs__rosidl_typesupport_cpp.dir/rosidl_typesupport_cpp/holohover_msgs/msg/holohover_control_stamped__type_support.cpp.o[0m
[7.826s] [ 23%] Built target holohover_msgs__rosidl_generator_c
[7.844s] [ 25%] [32mBuilding CXX object CMakeFiles/holohover_msgs__rosidl_typesupport_introspection_cpp.dir/rosidl_typesupport_introspection_cpp/holohover_msgs/msg/detail/attitude__type_support.cpp.o[0m
[7.850s] [ 26%] [32mBuilding CXX object CMakeFiles/holohover_msgs__rosidl_typesupport_introspection_cpp.dir/rosidl_typesupport_introspection_cpp/holohover_msgs/msg/detail/holohover_imu_stamped__type_support.cpp.o[0m
[7.852s] [ 28%] [32mBuilding CXX object CMakeFiles/holohover_msgs__rosidl_typesupport_introspection_cpp.dir/rosidl_typesupport_introspection_cpp/holohover_msgs/msg/detail/holohover_mouse_stamped__type_support.cpp.o[0m
[7.897s] [ 30%] [32mBuilding CXX object CMakeFiles/holohover_msgs__rosidl_typesupport_fastrtps_cpp.dir/rosidl_typesupport_fastrtps_cpp/holohover_msgs/msg/detail/dds_fastrtps/attitude__type_support.cpp.o[0m
[9.377s] [ 31%] [32mBuilding CXX object CMakeFiles/holohover_msgs__rosidl_typesupport_introspection_cpp.dir/rosidl_typesupport_introspection_cpp/holohover_msgs/msg/detail/holohover_control_stamped__type_support.cpp.o[0m
[9.399s] [ 33%] [32mBuilding CXX object CMakeFiles/holohover_msgs__rosidl_typesupport_cpp.dir/rosidl_typesupport_cpp/holohover_msgs/msg/holohover_state_stamped__type_support.cpp.o[0m
[9.410s] [ 34%] [34m[1mGenerating C type support for eProsima Fast-RTPS[0m
[9.437s] [ 36%] [34m[1mGenerating C introspection for ROS interfaces[0m
[9.472s] gmake[2]: *** [CMakeFiles/holohover_msgs__rosidl_typesupport_introspection_cpp.dir/build.make:180: CMakeFiles/holohover_msgs__rosidl_typesupport_introspection_cpp.dir/rosidl_typesupport_introspection_cpp/holohover_msgs/msg/detail/attitude__type_support.cpp.o] Interrupt
[9.473s] gmake[2]: *** [CMakeFiles/holohover_msgs__rosidl_typesupport_introspection_cpp.dir/build.make:194: CMakeFiles/holohover_msgs__rosidl_typesupport_introspection_cpp.dir/rosidl_typesupport_introspection_cpp/holohover_msgs/msg/detail/holohover_imu_stamped__type_support.cpp.o] Interrupt
[9.473s] gmake[2]: *** [CMakeFiles/holohover_msgs__rosidl_typesupport_introspection_cpp.dir/build.make:208: CMakeFiles/holohover_msgs__rosidl_typesupport_introspection_cpp.dir/rosidl_typesupport_introspection_cpp/holohover_msgs/msg/detail/holohover_mouse_stamped__type_support.cpp.o] Interrupt
[9.474s] gmake[2]: *** [CMakeFiles/holohover_msgs__rosidl_typesupport_introspection_c.dir/build.make:147: rosidl_typesupport_introspection_c/holohover_msgs/msg/detail/attitude__rosidl_typesupport_introspection_c.h] Interrupt
[9.474s] gmake[1]: *** [CMakeFiles/Makefile2:264: CMakeFiles/holohover_msgs__rosidl_typesupport_introspection_c.dir/all] Interrupt
[9.477s] Failed checking if argv[0] is an import path entry
[9.477s] Traceback (most recent call last):
[9.477s]   File "<frozen zipimport>", line 93, in __init__
[9.477s] KeyError: '/opt/ros/humble/lib/rosidl_typesupport_fastrtps_c/rosidl_typesupport_fastrtps_c'
[9.477s] 
[9.477s] During handling of the above exception, another exception occurred:
[9.477s] 
[9.477s] Traceback (most recent call last):
[9.477s]   File "<frozen zipimport>", line 95, in __init__
[9.477s]   File "<frozen zipimport>", line 412, in _read_directory
[9.478s] KeyboardInterrupt
[9.482s] gmake[2]: *** [CMakeFiles/holohover_msgs__rosidl_typesupport_fastrtps_cpp.dir/build.make:180: CMakeFiles/holohover_msgs__rosidl_typesupport_fastrtps_cpp.dir/rosidl_typesupport_fastrtps_cpp/holohover_msgs/msg/detail/dds_fastrtps/attitude__type_support.cpp.o] Interrupt
[9.482s] gmake[1]: *** [CMakeFiles/Makefile2:343: CMakeFiles/holohover_msgs__rosidl_typesupport_fastrtps_cpp.dir/all] Interrupt
[9.482s] gmake[2]: *** [CMakeFiles/holohover_msgs__rosidl_typesupport_cpp.dir/build.make:219: CMakeFiles/holohover_msgs__rosidl_typesupport_cpp.dir/rosidl_typesupport_cpp/holohover_msgs/msg/holohover_state_stamped__type_support.cpp.o] Interrupt
[9.482s] gmake[2]: *** [CMakeFiles/holohover_msgs__rosidl_typesupport_introspection_cpp.dir/build.make:222: CMakeFiles/holohover_msgs__rosidl_typesupport_introspection_cpp.dir/rosidl_typesupport_introspection_cpp/holohover_msgs/msg/detail/holohover_control_stamped__type_support.cpp.o] Interrupt
[9.482s] gmake[1]: *** [CMakeFiles/Makefile2:395: CMakeFiles/holohover_msgs__rosidl_typesupport_cpp.dir/all] Interrupt
[9.482s] gmake[1]: *** [CMakeFiles/Makefile2:369: CMakeFiles/holohover_msgs__rosidl_typesupport_introspection_cpp.dir/all] Interrupt
[9.654s] Traceback (most recent call last):
[9.655s]   File "/opt/ros/humble/lib/rosidl_typesupport_fastrtps_c/rosidl_typesupport_fastrtps_c", line 33, in <module>
[9.655s]     sys.exit(main())
[9.655s]   File "/opt/ros/humble/lib/rosidl_typesupport_fastrtps_c/rosidl_typesupport_fastrtps_c", line 29, in main
[9.655s]     generate_typesupport_fastrtps_c(args.generator_arguments_file)
[9.655s]   File "/opt/ros/humble/local/lib/python3.10/dist-packages/rosidl_typesupport_fastrtps_c/__init__.py", line 24, in generate_typesupport_fastrtps_c
[9.655s]     return generate_files(generator_arguments_file, mapping)
[9.656s]   File "/opt/ros/humble/local/lib/python3.10/dist-packages/rosidl_cmake/__init__.py", line 74, in generate_files
[9.656s] gmake: *** [Makefile:146: all] Interrupt
[9.666s]     idl_file = parse_idl_file(locator)
[9.666s]   File "/opt/ros/humble/local/lib/python3.10/dist-packages/rosidl_parser/parser.py", line 64, in parse_idl_file
[9.679s]     content = parse_idl_string(string, png_file=png_file)
[9.679s]   File "/opt/ros/humble/local/lib/python3.10/dist-packages/rosidl_parser/parser.py", line 72, in parse_idl_string
[9.679s]     tree = get_ast_from_idl_string(idl_string)
[9.679s]   File "/opt/ros/humble/local/lib/python3.10/dist-packages/rosidl_parser/parser.py", line 89, in get_ast_from_idl_string
[9.679s]     return _parser.parse(idl_string)
[9.679s]   File "/usr/lib/python3/dist-packages/lark/lark.py", line 619, in parse
[9.694s]     return self.parser.parse(text, start=start, on_error=on_error)
[9.694s]   File "/usr/lib/python3/dist-packages/lark/parser_frontends.py", line 99, in parse
[9.695s]     return self.parser.parse(stream, chosen_start, **kw)
[9.695s]   File "/usr/lib/python3/dist-packages/lark/parsers/earley.py", line 292, in parse
[9.695s]     return transformer.transform(solutions[0])
[9.695s]   File "/usr/lib/python3/dist-packages/lark/parsers/earley_forest.py", line 395, in transform
[9.695s]     self.visit(root)
[9.695s]   File "/usr/lib/python3/dist-packages/lark/parsers/earley_forest.py", line 532, in visit
[9.695s]     super(ForestToParseTree, self).visit(root)
[9.695s]   File "/usr/lib/python3/dist-packages/lark/parsers/earley_forest.py", line 329, in visit
[9.695s]     vtn(current.token)
[9.695s]   File "/usr/lib/python3/dist-packages/lark/parsers/earley_forest.py", line 427, in visit_token_node
[9.695s]     transformed = self.transform_token_node(node)
[9.695s]   File "/usr/lib/python3/dist-packages/lark/parsers/earley_forest.py", line 412, in transform_token_node
[9.695s]     def transform_token_node(self, node):
[9.696s] KeyboardInterrupt
[9.713s] gmake[2]: *** [CMakeFiles/holohover_msgs__rosidl_typesupport_fastrtps_c.dir/build.make:147: rosidl_typesupport_fastrtps_c/holohover_msgs/msg/detail/attitude__rosidl_typesupport_fastrtps_c.h] Interrupt
